<?xml version="1.0" encoding="UTF-8"?>
<testsuite name="Test"
           tests="4"
           failures="1"
           errors="0"
           skipped="1"
           time="8.263">
  <properties />
            <testcase name="launchFirefox" time="0.083" classname="com.testng.sel.com.testng.GroupTest">
                <failure type="java.lang.IllegalStateException"
                  message="The driver executable must exist: C:\JavaCoding\com.testng\firefox_driver_path"
              >
<![CDATA[java.lang.IllegalStateException: The driver executable must exist: C:\JavaCoding\com.testng\firefox_driver_path
  org.openqa.selenium.internal.Require$FileStateChecker.isFile(Require.java:342)
  org.openqa.selenium.remote.service.DriverService.checkExecutable(DriverService.java:147)
  org.openqa.selenium.remote.service.DriverService.findExecutable(DriverService.java:142)
  org.openqa.selenium.firefox.GeckoDriverService.access$100(GeckoDriverService.java:45)
  org.openqa.selenium.firefox.GeckoDriverService$Builder.findDefaultExecutable(GeckoDriverService.java:181)
  org.openqa.selenium.remote.service.DriverService$Builder.build(DriverService.java:437)
  org.openqa.selenium.firefox.GeckoDriverService.createDefaultService(GeckoDriverService.java:94)
  org.openqa.selenium.firefox.FirefoxDriver.<init>(FirefoxDriver.java:106)
  org.openqa.selenium.firefox.FirefoxDriver.<init>(FirefoxDriver.java:86)
  com.testng.sel.com.testng.GroupTest.launchFirefox(GroupTest.java:44)
  java.base/jdk.internal.reflect.NativeMethodAccessorImpl.invoke0(Native Method)
  java.base/jdk.internal.reflect.NativeMethodAccessorImpl.invoke(NativeMethodAccessorImpl.java:78)
  java.base/jdk.internal.reflect.DelegatingMethodAccessorImpl.invoke(DelegatingMethodAccessorImpl.java:43)
  java.base/java.lang.reflect.Method.invoke(Method.java:567)
  org.testng.internal.MethodInvocationHelper.invokeMethod(MethodInvocationHelper.java:133)
  org.testng.internal.TestInvoker.invokeMethod(TestInvoker.java:598)
  org.testng.internal.TestInvoker.invokeTestMethod(TestInvoker.java:173)
  org.testng.internal.MethodRunner.runInSequence(MethodRunner.java:46)
  org.testng.internal.TestInvoker$MethodInvocationAgent.invoke(TestInvoker.java:824)
  org.testng.internal.TestInvoker.invokeTestMethods(TestInvoker.java:146)
  org.testng.internal.TestMethodWorker.invokeTestMethods(TestMethodWorker.java:146)
  org.testng.internal.TestMethodWorker.run(TestMethodWorker.java:128)
  java.base/java.util.ArrayList.forEach(ArrayList.java:1511)
  org.testng.TestRunner.privateRun(TestRunner.java:794)
  org.testng.TestRunner.run(TestRunner.java:596)
  org.testng.SuiteRunner.runTest(SuiteRunner.java:377)
  org.testng.SuiteRunner.runSequentially(SuiteRunner.java:371)
  org.testng.SuiteRunner.privateRun(SuiteRunner.java:332)
  org.testng.SuiteRunner.run(SuiteRunner.java:276)
  org.testng.SuiteRunnerWorker.runSuite(SuiteRunnerWorker.java:53)
  org.testng.SuiteRunnerWorker.run(SuiteRunnerWorker.java:96)
  org.testng.TestNG.runSuitesSequentially(TestNG.java:1212)
  org.testng.TestNG.runSuitesLocally(TestNG.java:1134)
  org.testng.TestNG.runSuites(TestNG.java:1063)
  org.testng.TestNG.run(TestNG.java:1031)
  org.testng.remote.AbstractRemoteTestNG.run(AbstractRemoteTestNG.java:115)
  org.testng.remote.RemoteTestNG.initAndRun(RemoteTestNG.java:251)
  org.testng.remote.RemoteTestNG.main(RemoteTestNG.java:77)
]]>
      </failure>

          </testcase>
  
            <testcase name="loginwithFirefox" time="0.0" classname="com.testng.sel.com.testng.GroupTest">
          <skipped />
    </testcase>
  
            <testcase name="launchChrome" time="7.790" classname="com.testng.sel.com.testng.GroupTest" />
                <testcase name="loginwithChrome" time="0.390" classname="com.testng.sel.com.testng.GroupTest" />
      
</testsuite>
